build/intermediates/manifest_merge_blame_file/debug/manifest-merger-blame-debug-report.txt
1<?xml version="1.0" encoding="utf-8"?>
2<manifest xmlns:android="http://schemas.android.com/apk/res/android"
3    package="com.jeremyfeinstein.slidingmenu.example"
4    android:versionCode="3"
5    android:versionName="1.2" >
6
7    <uses-sdk
7-->src\main\AndroidManifest.xml:7:5-47
8        android:minSdkVersion="14"
8-->src\main\AndroidManifest.xml:7:5-47
9        android:targetSdkVersion="28" />
9-->src\main\AndroidManifest.xml:7:15-44
10
11    <uses-permission android:name="android.permission.INTERNET" />
11-->src\main\AndroidManifest.xml:9:5-66
11-->src\main\AndroidManifest.xml:9:22-64
12
13    <application
13-->src\main\AndroidManifest.xml:11:5-42:19
14        android:appComponentFactory="android.support.v4.app.CoreComponentFactory"
14-->[com.android.support:support-compat:28.0.0] AndroidManifest.xml:22:18-91
15        android:debuggable="true"
16        android:icon="@drawable/ic_launcher"
16-->src\main\AndroidManifest.xml:12:9-45
17        android:label="@string/app_name"
17-->src\main\AndroidManifest.xml:13:9-41
18        android:theme="@style/ExampleTheme" >
18-->src\main\AndroidManifest.xml:14:9-44
19        <activity
19-->src\main\AndroidManifest.xml:15:9-25:20
20            android:name="com.sliding.slidingmenu.example.ExampleListActivity"
20-->src\main\AndroidManifest.xml:16:13-79
21            android:configChanges="orientation|screenSize|screenLayout"
21-->src\main\AndroidManifest.xml:17:13-72
22            android:theme="@style/Theme.AppCompat.Light.DarkActionBar"
22-->src\main\AndroidManifest.xml:18:13-71
23            android:uiOptions="splitActionBarWhenNarrow" >
23-->src\main\AndroidManifest.xml:19:13-57
24            <intent-filter>
24-->src\main\AndroidManifest.xml:20:13-24:29
25                <action android:name="android.intent.action.MAIN" />
25-->src\main\AndroidManifest.xml:21:17-69
25-->src\main\AndroidManifest.xml:21:25-66
26
27                <category android:name="android.intent.category.LAUNCHER" />
27-->src\main\AndroidManifest.xml:23:17-77
27-->src\main\AndroidManifest.xml:23:27-74
28            </intent-filter>
29        </activity>
30        <activity android:name="com.sliding.slidingmenu.example.PropertiesActivity" />
30-->src\main\AndroidManifest.xml:26:9-87
30-->src\main\AndroidManifest.xml:26:19-84
31        <activity android:name="com.sliding.slidingmenu.example.LeftAndRightActivity" />
31-->src\main\AndroidManifest.xml:27:9-89
31-->src\main\AndroidManifest.xml:27:19-86
32        <activity android:name="com.sliding.slidingmenu.example.AttachExample" />
32-->src\main\AndroidManifest.xml:28:9-82
32-->src\main\AndroidManifest.xml:28:19-79
33        <activity android:name="com.sliding.slidingmenu.example.anim.CustomScaleAnimation" />
33-->src\main\AndroidManifest.xml:29:9-94
33-->src\main\AndroidManifest.xml:29:19-91
34        <activity android:name="com.sliding.slidingmenu.example.anim.CustomZoomAnimation" />
34-->src\main\AndroidManifest.xml:30:9-93
34-->src\main\AndroidManifest.xml:30:19-90
35        <!-- <activity android:name=".anim.CustomRotateAnimation" /> -->
36        <activity android:name="com.sliding.slidingmenu.example.anim.CustomSlideAnimation" />
36-->src\main\AndroidManifest.xml:32:9-94
36-->src\main\AndroidManifest.xml:32:19-91
37        <activity android:name="com.sliding.slidingmenu.example.SlidingTitleBar" />
37-->src\main\AndroidManifest.xml:33:9-84
37-->src\main\AndroidManifest.xml:33:19-81
38        <activity android:name="com.sliding.slidingmenu.example.SlidingContent" />
38-->src\main\AndroidManifest.xml:34:9-83
38-->src\main\AndroidManifest.xml:34:19-80
39        <activity android:name="com.sliding.slidingmenu.example.ViewPagerActivity" />
39-->src\main\AndroidManifest.xml:35:9-86
39-->src\main\AndroidManifest.xml:35:19-83
40        <activity android:name="com.sliding.slidingmenu.example.fragments.FragmentChangeActivity" />
40-->src\main\AndroidManifest.xml:36:9-101
40-->src\main\AndroidManifest.xml:36:19-98
41        <activity android:name="com.sliding.slidingmenu.example.fragments.ResponsiveUIActivity" />
41-->src\main\AndroidManifest.xml:37:9-99
41-->src\main\AndroidManifest.xml:37:19-96
42        <activity
42-->src\main\AndroidManifest.xml:38:9-40:74
43            android:name="com.sliding.slidingmenu.example.fragments.BirdActivity"
43-->src\main\AndroidManifest.xml:39:13-82
44            android:theme="@style/Theme.AppCompat.Light.DarkActionBar" />
44-->src\main\AndroidManifest.xml:40:13-71
45        <activity android:name="com.crittercism.NotificationActivity" />
45-->src\main\AndroidManifest.xml:41:9-72
45-->src\main\AndroidManifest.xml:41:19-70
46    </application>
47
48</manifest>